C51 COMPILER V9.54   ALARM                                                                 03/23/2016 11:49:19 PAGE 1   


C51 COMPILER V9.54, COMPILATION OF MODULE ALARM
OBJECT MODULE PLACED IN .\Objects\Alarm.obj
COMPILER INVOKED BY: D:\Program Files (x86)\Keil_v5\C51\BIN\C51.EXE Alarm.c ROM(SMALL) OPTIMIZE(8,SPEED) BROWSE DEBUG OB
                    -JECTEXTEND PRINT(.\Listings\Alarm.lst) TABS(3) OBJECT(.\Objects\Alarm.obj)

line level    source

   1          /*------------------------------------------------------------------*-
   2             A.C (v1.00)
   3            ------------------------------------------------------------------
   4             Simple switch interface code, with software debounce.
   5          
   6             COPYRIGHT
   7             ---------
   8             This code is copyright (c) 2001 by Richard Zhang.
   9          -*------------------------------------------------------------------*/
  10          
  11          #include "Main.h"
  12          #include "Port.h"
  13          
  14          #include "Alarm.h"
  15          #include "Speech.h"
  16          
  17          // ------ Public variable definitions ------------------------------
  18          bit Sensor_to_alarm;
  19          bit Alarm_blocked_G;
  20          
  21          // ------ Public variable declarations -----------------------------
  22          
  23          // ------ Private variables ----------------------------------------
  24          tByte Alarm_number;
  25          
  26          // ------ Private constants ----------------------------------------
  27          
  28          /*------------------------------------------------------------------*-
  29            Alarm_Init()
  30            Initialisation function for the switch library.
  31          -*------------------------------------------------------------------*/
  32          void Alarm_Init(void)
  33             {
  34   1         Alarm_blocked_G = 0;
  35   1         Alarm_number = 0;
  36   1         }
  37          
  38          /*------------------------------------------------------------------*-
  39            Alarm_update()
  40            Initialisation function for the switch library.
  41          -*------------------------------------------------------------------*/
  42          void Alarm_update(void)
  43             {
  44   1         if((Sensor_to_alarm)&&(!Speech_EN)&&(!Alarm_blocked_G))
  45   1            {
  46   2            Goto_speech(Siren);
  47   2            
  48   2            Alarm_number += 1;
  49   2            if(Alarm_number >= 4)
  50   2               {
  51   3               Alarm_number = 0;
  52   3               Sensor_to_alarm = 0;
  53   3               }
  54   2            }
C51 COMPILER V9.54   ALARM                                                                 03/23/2016 11:49:19 PAGE 2   

  55   1         }
  56          
  57          /*------------------------------------------------------------------*-
  58            Alarm_reset()
  59            Initialisation function for the switch library.
  60          -*------------------------------------------------------------------*/
  61          void Alarm_reset(void)
  62             {
  63   1         Alarm_number = 0;
  64   1         Sensor_to_alarm = 0;
  65   1         Speech_EN = 0;
  66   1         Alarm_blocked_G = 0;
  67   1         }
  68          
  69          /*------------------------------------------------------------------*-
  70            ---- END OF FILE -------------------------------------------------
  71          -*------------------------------------------------------------------*/


MODULE INFORMATION:   STATIC OVERLAYABLE
   CODE SIZE        =     44    ----
   CONSTANT SIZE    =   ----    ----
   XDATA SIZE       =   ----    ----
   PDATA SIZE       =   ----    ----
   DATA SIZE        =      1    ----
   IDATA SIZE       =   ----    ----
   BIT SIZE         =      2    ----
END OF MODULE INFORMATION.


C51 COMPILATION COMPLETE.  0 WARNING(S),  0 ERROR(S)
