C51 COMPILER V9.54   COMMUNICATION                                                         03/23/2016 11:49:18 PAGE 1   


C51 COMPILER V9.54, COMPILATION OF MODULE COMMUNICATION
OBJECT MODULE PLACED IN .\Objects\Communication.obj
COMPILER INVOKED BY: D:\Program Files (x86)\Keil_v5\C51\BIN\C51.EXE Communication.c ROM(SMALL) OPTIMIZE(8,SPEED) BROWSE 
                    -DEBUG OBJECTEXTEND PRINT(.\Listings\Communication.lst) TABS(3) OBJECT(.\Objects\Communication.obj)

line level    source

   1          /*------------------------------------------------------------------*-
   2             A.C (v1.00)
   3            ------------------------------------------------------------------
   4             Simple switch interface code, with software debounce.
   5          
   6             COPYRIGHT
   7             ---------
   8             This code is copyright (c) 2001 by Richard Zhang.
   9          -*------------------------------------------------------------------*/
  10          
  11          #include "Main.h"
  12          #include "Port.h"
  13          
  14          #include "Communication.h"
  15          #include "UART.h"
  16          #include "Timer.h"
  17          
  18          // ------ Public variable definitions ------------------------------
  19          tByte myTxRxData[7];
  20          
  21          // ------ Public variable declarations -----------------------------
  22          
  23          // ------ Private variables ----------------------------------------
  24          
  25          // ------ Private constants ----------------------------------------
  26          bit Sent_G;
  27          
  28          /*------------------------------------------------------------------*-
  29            UART_send_code()
  30            Initialisation function for the switch library.
  31          -*------------------------------------------------------------------*/
  32          void UART_send_code(void)
  33             {  
  34   1         myTxRxData[0] = 0x55;
  35   1         myTxRxData[1] = 0x55;
  36   1         myTxRxData[2] = 0xff;
  37   1         myTxRxData[3] = 0x55;
  38   1         myTxRxData[4] = 0x50;
  39   1         myTxRxData[5] = 0x00;
  40   1         Senddata(myTxRxData, 6);
  41   1         }
  42          
  43          /*------------------------------------------------------------------*-
  44            ---- END OF FILE -------------------------------------------------
  45          -*------------------------------------------------------------------*/


MODULE INFORMATION:   STATIC OVERLAYABLE
   CODE SIZE        =     27    ----
   CONSTANT SIZE    =   ----    ----
   XDATA SIZE       =   ----    ----
   PDATA SIZE       =   ----    ----
   DATA SIZE        =      7    ----
   IDATA SIZE       =   ----    ----
C51 COMPILER V9.54   COMMUNICATION                                                         03/23/2016 11:49:18 PAGE 2   

   BIT SIZE         =      1    ----
END OF MODULE INFORMATION.


C51 COMPILATION COMPLETE.  0 WARNING(S),  0 ERROR(S)
