C51 COMPILER V9.54   DDC_Z                                                                 01/21/2016 14:06:45 PAGE 1   


C51 COMPILER V9.54, COMPILATION OF MODULE DDC_Z
OBJECT MODULE PLACED IN .\Objects\DDC-Z.obj
COMPILER INVOKED BY: D:\Program Files (x86)\Keil_v5\C51\BIN\C51.EXE DDC-Z.c COMPACT ROM(COMPACT) OPTIMIZE(8,SPEED) BROWS
                    -E DEBUG OBJECTEXTEND PRINT(.\Listings\DDC-Z.lst) TABS(3) OBJECT(.\Objects\DDC-Z.obj)

line level    source

   1          /*------------------------------------------------------------------*-
   2             DDC-Z.c (v1.00)
   3            ------------------------------------------------------------------
   4             COPYRIGHT
   5            ---------
   6             This code is copyright (c) 2015 by Richard Zhang.
   7          -*------------------------------------------------------------------*/
   8          
   9          #include "Main.h"
  10          #include "Port.h"
  11          
  12          #include "hSch51.h"
  13          #include "Timer.h"
  14          #include "Elecmotor.h"
  15          #include "Button.h"
  16          #include "UART.h"
  17          #include "communication.h"
  18          #include "Speech.h"
  19          #include "Function.h"
  20          #include "Sensor.h"
  21          #include "Alarm.h"
  22          #include "Battery.h"
  23          #include "Function.h"
  24          #include "Function-S.h"
  25          
  26          /* ............................................................... */
  27          
  28          void main(void)
  29             {
  30   1         // Initialize all tasks
  31   1         Speech_Init();
  32   1         UART_Init(BAUD9600);
  33   1         Timer0_Init(500);   
  34   1         Elecmotor_Init();
  35   1         Button_Init();
  36   1         Battery_Init();
  37   1         Sensor_Init();
  38   1         Alarm_Init();
  39   1         Function_init();
  40   1         Function_S_init();
  41   1      
  42   1         // Add Tasks
  43   1         hSCH_Add_Task(Elecmotor_update, 1000, 1, 1);    // 1ms/ticket
  44   1         hSCH_Add_Task(Button_update, 1500, 200, 1);     // 100ms/ticket
  45   1         hSCH_Add_Task(Speech_update, 1500, 1000, 1);    // 0.5s/ticket
  46   1         hSCH_Add_Task(Sensor_update, 2000, 1, 1);       // 1ms/ticket
  47   1         hSCH_Add_Task(Alarm_update, 3000, 2000, 1);     // 1s/ticket
  48   1         hSCH_Add_Task(Function_update, 1500, 4000, 1);  // 2s/ticket
  49   1         hSCH_Add_Task(Function_s_update, 2000, 1, 1);   // 1ms/ticket
  50   1         
  51   1         // Start the program.
  52   1         hSCH_Start();
  53   1         while(1)
  54   1            {
C51 COMPILER V9.54   DDC_Z                                                                 01/21/2016 14:06:45 PAGE 2   

  55   2            // Excute the program.
  56   2            hSCH_Dispatch_Tasks();
  57   2            }
  58   1         }
  59          /*------------------------------------------------------------------*-
  60            ---- END OF FILE -------------------------------------------------
  61          -*------------------------------------------------------------------*/


MODULE INFORMATION:   STATIC OVERLAYABLE
   CODE SIZE        =    165    ----
   CONSTANT SIZE    =   ----    ----
   XDATA SIZE       =   ----    ----
   PDATA SIZE       =   ----    ----
   DATA SIZE        =   ----    ----
   IDATA SIZE       =   ----    ----
   BIT SIZE         =   ----    ----
END OF MODULE INFORMATION.


C51 COMPILATION COMPLETE.  0 WARNING(S),  0 ERROR(S)
