C51 COMPILER V9.54   DDC_F                                                                 07/28/2015 10:58:26 PAGE 1   


C51 COMPILER V9.54, COMPILATION OF MODULE DDC_F
OBJECT MODULE PLACED IN .\Objects\DDC-F.obj
COMPILER INVOKED BY: D:\Program Files (x86)\Keil_v5\C51\BIN\C51.EXE DDC-F.c COMPACT ROM(COMPACT) OPTIMIZE(8,SPEED) BROWS
                    -E DEBUG OBJECTEXTEND PRINT(.\Listings\DDC-F.lst) TABS(3) OBJECT(.\Objects\DDC-F.obj)

line level    source

   1          /*------------------------------------------------------------------*-
   2             Main.c (v1.00)
   3            ------------------------------------------------------------------
   4             COPYRIGHT
   5            ---------
   6             This code is copyright (c) 2001 by Richard Zhang.
   7          -*------------------------------------------------------------------*/
   8          
   9          #include "Main.h"
  10          #include "Port.h"
  11          
  12          #include "hSch51.h"
  13          #include "Timer.h"
  14          #include "PC_IO_T1.h"
  15          
  16          /* ............................................................... */
  17          
  18          void main(void)
  19             {
  20   1         // Init Timer 0.
  21   1         InitT0(100);
  22   1         
  23   1         // Set baud rate to 9600: generic 8051 version
  24   1         PC_LINK_IO_Init_T1(9600);
  25   1      
  26   1         // Add Task
  27   1      
  28   1         // SCH_Add_Task(MENU_Command_Processor,10,2);
  29   1            
  30   1      
  31   1         hSCH_Start();
  32   1         while(1)
  33   1            {
  34   2            hSCH_Dispatch_Tasks();
  35   2            }
  36   1         }
  37          
  38          /*------------------------------------------------------------------*-
  39            ---- END OF FILE -------------------------------------------------
  40          -*------------------------------------------------------------------*/


MODULE INFORMATION:   STATIC OVERLAYABLE
   CODE SIZE        =     20    ----
   CONSTANT SIZE    =   ----    ----
   XDATA SIZE       =   ----    ----
   PDATA SIZE       =   ----    ----
   DATA SIZE        =   ----    ----
   IDATA SIZE       =   ----    ----
   BIT SIZE         =   ----    ----
END OF MODULE INFORMATION.


C51 COMPILATION COMPLETE.  0 WARNING(S),  0 ERROR(S)
