C51 COMPILER V9.54   DDC_Z                                                                 07/30/2015 15:49:33 PAGE 1   


C51 COMPILER V9.54, COMPILATION OF MODULE DDC_Z
OBJECT MODULE PLACED IN .\Objects\DDC-Z.obj
COMPILER INVOKED BY: D:\Program Files (x86)\Keil_v5\C51\BIN\C51.EXE DDC-Z.c LARGE ROM(COMPACT) OPTIMIZE(8,SPEED) BROWSE 
                    -DEBUG OBJECTEXTEND PRINT(.\Listings\DDC-Z.lst) TABS(3) OBJECT(.\Objects\DDC-Z.obj)

line level    source

   1          /*------------------------------------------------------------------*-
   2             Main.c (v1.00)
   3            ------------------------------------------------------------------
   4             COPYRIGHT
   5            ---------
   6             This code is copyright (c) 2001 by Richard Zhang.
   7          -*------------------------------------------------------------------*/
   8          
   9          #include "Main.h"
  10          #include "Port.h"
  11          
  12          #include "hSch51.h"
  13          #include "Timer.h"
  14          #include "PC_IO_T1.h"
  15          #include "Elecmotor.h"
  16          
  17          /* ............................................................... */
  18          
  19          void main(void)
  20             {
  21   1         // Init Timer 0.
  22   1         InitT0(1);
  23   1         Elecmotor_Init();
  24   1         
  25   1         // Set baud rate to 9600: generic 8051 version
  26   1         PC_LINK_IO_Init_T1(9600);
  27   1      
  28   1         // Add Task
  29   1         hSCH_Add_Task(Elecmotor_update, 1000, 1, 1);
  30   1      
  31   1         hSCH_Start();
  32   1         
  33   1         while(1)
  34   1            {
  35   2            hSCH_Dispatch_Tasks();
  36   2            }
  37   1         }
  38          
  39          /*------------------------------------------------------------------*-
  40            ---- END OF FILE -------------------------------------------------
  41          -*------------------------------------------------------------------*/


MODULE INFORMATION:   STATIC OVERLAYABLE
   CODE SIZE        =     40    ----
   CONSTANT SIZE    =   ----    ----
   XDATA SIZE       =   ----    ----
   PDATA SIZE       =   ----    ----
   DATA SIZE        =   ----    ----
   IDATA SIZE       =   ----    ----
   BIT SIZE         =   ----    ----
END OF MODULE INFORMATION.


C51 COMPILATION COMPLETE.  0 WARNING(S),  0 ERROR(S)
