C51 COMPILER V9.54   DELAY                                                                 06/16/2016 11:58:37 PAGE 1   


C51 COMPILER V9.54, COMPILATION OF MODULE DELAY
OBJECT MODULE PLACED IN .\Objects\Delay.obj
COMPILER INVOKED BY: D:\Program Files (x86)\Keil_v5\C51\BIN\C51.EXE Delay.c ROM(COMPACT) OPTIMIZE(8,SPEED) BROWSE DEBUG 
                    -OBJECTEXTEND PRINT(.\Listings\Delay.lst) TABS(3) OBJECT(.\Objects\Delay.obj)

line level    source

   1          /*------------------------------------------------------------------*-
   2             Delay.C (v1.00)
   3            ------------------------------------------------------------------
   4             Delay program for other program.
   5          
   6             COPYRIGHT
   7             ---------
   8             This code is copyright (c) 2001 by Richard Zhang.
   9          -*------------------------------------------------------------------*/
  10          
  11          #include "Main.h"
  12          #include "Port.h"
  13          
  14          #include "Delay.h"
  15          
  16          // ------ Public variable definitions ------------------------------
  17          
  18          // ------ Public variable declarations -----------------------------
  19          
  20          // ------ Private variables ----------------------------------------
  21          tWord Timeout_loop;
  22          
  23          // ------ Private constants ----------------------------------------
  24          
  25          /*------------------------------------------------------------------*-
  26            Delay()
  27            Initialisation function for the switch library.
  28          -*------------------------------------------------------------------*/
  29          void Delay(tWord time_a)
  30             {
  31   1         Timeout_loop = time_a;
  32   1      
  33   1         // Simple loop timeout...
  34   1         while(++Timeout_loop != 0);
  35   1         }
  36          
  37          /*------------------------------------------------------------------*-
  38            Delay5us()
  39          -*------------------------------------------------------------------*/
  40          void Delay5us(void)
  41             {
  42   1         _nop_();_nop_();_nop_();_nop_();
  43   1         _nop_();_nop_();_nop_();_nop_();
  44   1         _nop_();_nop_();_nop_();_nop_();
  45   1         }
  46             
  47          /*------------------------------------------------------------------*-
  48            ---- END OF FILE -------------------------------------------------
  49          -*------------------------------------------------------------------*/


MODULE INFORMATION:   STATIC OVERLAYABLE
   CODE SIZE        =     30    ----
   CONSTANT SIZE    =   ----    ----
C51 COMPILER V9.54   DELAY                                                                 06/16/2016 11:58:37 PAGE 2   

   XDATA SIZE       =   ----    ----
   PDATA SIZE       =   ----    ----
   DATA SIZE        =      2    ----
   IDATA SIZE       =   ----    ----
   BIT SIZE         =   ----    ----
END OF MODULE INFORMATION.


C51 COMPILATION COMPLETE.  0 WARNING(S),  0 ERROR(S)
