C51 COMPILER V9.54   ISP_DATAFLASH                                                         03/23/2016 11:49:19 PAGE 1   


C51 COMPILER V9.54, COMPILATION OF MODULE ISP_DATAFLASH
OBJECT MODULE PLACED IN .\Objects\ISP_DataFlash.obj
COMPILER INVOKED BY: D:\Program Files (x86)\Keil_v5\C51\BIN\C51.EXE ISP_DataFlash.c ROM(SMALL) OPTIMIZE(8,SPEED) BROWSE 
                    -DEBUG OBJECTEXTEND PRINT(.\Listings\ISP_DataFlash.lst) TABS(3) OBJECT(.\Objects\ISP_DataFlash.obj)

line level    source

   1          #include "ISP_DataFlash.h"
   2          #include "main.h"
   3          
   4          extern tByte received_data_buffer[7];     
   5          
   6          
   7          //--------------------------------------------------------------------------------------------------------
             ----
   8          void Enable_ISP(void)
   9          {   
  10   1         /* Enable ISP  */ 
  11   1         ISPCN=0x30;
  12   1         EA=0;
  13   1         TA = 0xAA;
  14   1         TA = 0x55;
  15   1         CHPCON |= 0x01; 
  16   1         EA=1;
  17   1         Trigger_ISP();     
  18   1      }
  19          //--------------------------------------------------------------------------------------------------------
             ----
  20          void Disable_ISP(void)
  21          {   
  22   1         /* Disable ISP */ 
  23   1         ISPCN=0x30;
  24   1         Trigger_ISP(); 
  25   1         EA=0;
  26   1         TA = 0xAA;
  27   1         TA = 0x55;
  28   1         CHPCON &= 0xFE; 
  29   1         EA=1;     
  30   1      }
  31          //--------------------------------------------------------------------------------------------------------
             ----
  32          void Trigger_ISP(void)
  33          {       
  34   1         EA=0;
  35   1         TA = 0xAA;
  36   1         TA = 0x55;
  37   1         ISPTRG |= 0x01;
  38   1         EA=1;      
  39   1      }
  40          
  41          void Flash_Page_Erase(unsigned int address)
  42          {
  43   1         Enable_ISP();
  44   1         ISPCN=0x22;
  45   1         ISPAH=address/256;
  46   1         ISPAL=address%256;
  47   1         Trigger_ISP();
  48   1         Disable_ISP(); 
  49   1      }
  50          
  51          void Flash_Write_Data(unsigned int address,unsigned char dat)
C51 COMPILER V9.54   ISP_DATAFLASH                                                         03/23/2016 11:49:19 PAGE 2   

  52          {
  53   1         Enable_ISP();
  54   1         ISPCN=0x21;
  55   1         ISPAH=address/256;
  56   1         ISPAL=address%256;
  57   1         ISPFD=dat;
  58   1         Trigger_ISP();
  59   1         Disable_ISP(); 
  60   1      }
  61          
  62          /*
  63          unsigned char Flash_Read_Data(unsigned int address)
  64          {
  65             unsigned char dat;
  66             
  67             Enable_ISP();
  68             ISPCN=0x00;
  69             ISPAH=address/256;
  70             ISPAL=address%256;
  71             Trigger_ISP();
  72             dat=ISPFD;
  73             Disable_ISP();
  74             return dat;    
  75          }
  76          */
  77          /*---------------------------------------------------------------
  78             Self_learn_programming(void)
  79             自学习功能，将密码烧录到flash ROM中
  80          
  81          void Self_learn_programming(void)
  82             {
  83             Flash_Page_Erase(0x3000);
  84             #ifdef ID
  85             Flash_Write_Data(0x3000, received_data_buffer[0]);    
  86             Flash_Write_Data(0x3001, received_data_buffer[1]);    
  87             Flash_Write_Data(0x3002, received_data_buffer[2]);    
  88             Flash_Write_Data(0x3003, received_data_buffer[3]);    
  89             Flash_Write_Data(0x3004, received_data_buffer[4]);
  90             Flash_Write_Data(0x3005, received_data_buffer[5]);
  91             #endif
  92             #ifdef WX
  93             Flash_Write_Data(0x3000, received_data_buffer[2]);    
  94             Flash_Write_Data(0x3001, received_data_buffer[3]);    
  95             Flash_Write_Data(0x3002, received_data_buffer[4]);    
  96             Flash_Write_Data(0x3003, received_data_buffer[5]);    
  97             Flash_Write_Data(0x3004, received_data_buffer[6]);
  98          // Flash_Write_Data(0x3005, received_data_buffer[7]);
  99          // Flash_Write_Data(0x3006, received_data_buffer[0]);    
 100          // Flash_Write_Data(0x3007, received_data_buffer[1]);    
 101             #endif
 102             }
 103          ----------------------------------------------------------------*/
 104          
 105          /*---------------------------------------------------------------
 106             Self_learn_programming(void)
 107             自学习功能，将密码烧录到flash ROM中
 108          
 109          void Self_learn_programming_F(void)
 110             {
 111             Flash_Page_Erase(0x3000);
 112             Flash_Write_Data(0x3000, received_data_buffer[2]);    
 113             Flash_Write_Data(0x3001, received_data_buffer[3]);    
C51 COMPILER V9.54   ISP_DATAFLASH                                                         03/23/2016 11:49:19 PAGE 3   

 114             Flash_Write_Data(0x3002, received_data_buffer[4]);    
 115             Flash_Write_Data(0x3003, received_data_buffer[5]);    
 116             Flash_Write_Data(0x3004, received_data_buffer[6]);
 117             Flash_Write_Data(0x3005, received_data_buffer[7]);
 118             }
 119          ----------------------------------------------------------------*/
 120             
 121          /*---------------------------------------------------
 122             end of file
 123          ----------------------------------------------------*/


MODULE INFORMATION:   STATIC OVERLAYABLE
   CODE SIZE        =     96    ----
   CONSTANT SIZE    =   ----    ----
   XDATA SIZE       =   ----    ----
   PDATA SIZE       =   ----    ----
   DATA SIZE        =   ----       5
   IDATA SIZE       =   ----    ----
   BIT SIZE         =   ----    ----
END OF MODULE INFORMATION.


C51 COMPILATION COMPLETE.  0 WARNING(S),  0 ERROR(S)
