C51 COMPILER V9.54   PROTECTION                                                            03/23/2016 11:49:19 PAGE 1   


C51 COMPILER V9.54, COMPILATION OF MODULE PROTECTION
OBJECT MODULE PLACED IN .\Objects\Protection.obj
COMPILER INVOKED BY: D:\Program Files (x86)\Keil_v5\C51\BIN\C51.EXE Protection.c ROM(SMALL) OPTIMIZE(8,SPEED) BROWSE DEB
                    -UG OBJECTEXTEND PRINT(.\Listings\Protection.lst) TABS(3) OBJECT(.\Objects\Protection.obj)

line level    source

   1          /*------------------------------------------------------------------*-
   2             A.C (v1.00)
   3            ------------------------------------------------------------------
   4             Simple switch interface code, with software debounce.
   5          
   6             COPYRIGHT
   7             ---------
   8             This code is copyright (c) 2001 by Richard Zhang.
   9          -*------------------------------------------------------------------*/
  10          
  11          #include "Main.h"
  12          #include "Port.h"
  13          
  14          #include "Protection.h"
  15          
  16          // ------ Public variable definitions ------------------------------
  17          bit Vibration_G_elecmotor;
  18          bit Vibration_G_wireless;
  19          tWord Vibration_reset_time;
  20          tByte Protection_count_time;
  21          // ------ Public variable declarations -----------------------------
  22          
  23          // ------ Private variables ----------------------------------------
  24          
  25          // ------ Private constants ----------------------------------------
  26          /*------------------------------------------------------------------*-
  27            Protection_init()
  28            Initialisation function for the switch library.
  29          -*------------------------------------------------------------------*/
  30          void Protection_init(void)
  31             {
  32   1         Vibration_G_elecmotor = 0;
  33   1         Vibration_G_wireless = 0;
  34   1         Vibration_reset_time = 0;
  35   1         Protection_count_time = 0;
  36   1         }
  37          
  38          /*------------------------------------------------------------------*-
  39            Protection_Vibration_detection()
  40            Initialisation function for the switch library.
  41          -*------------------------------------------------------------------*/
  42          void Protection_Vibration_detection(void)
  43             {
  44   1         if((!Vertical_sensor)||(!Horizontal_sensor)||(!Micromotion_sensor)||(wheeled_rotate))
  45   1            {
  46   2            Protection_count_time += 1;
  47   2            if(Protection_count_time >= 2)
  48   2               {
  49   3               Vibration_G_elecmotor = 1;
  50   3               Vibration_G_wireless = 1;
  51   3               Vibration_reset_time = 0;        
  52   3               }  
  53   2            }
  54   1         else
C51 COMPILER V9.54   PROTECTION                                                            03/23/2016 11:49:19 PAGE 2   

  55   1            Protection_count_time = 0;
  56   1            
  57   1         if((Vibration_G_elecmotor)||(Vibration_G_wireless))
  58   1            {
  59   2            Vibration_reset_time += 1;
  60   2            if(Vibration_reset_time > 5000)
  61   2               {
  62   3               Vibration_G_elecmotor = 0;
  63   3               
  64   3               if(Vibration_reset_time > 10000)
  65   3                  {
  66   4                  Vibration_reset_time = 0;
  67   4                  Vibration_G_wireless = 0;
  68   4                  }
  69   3               }
  70   2            }
  71   1         }
  72          
  73          /*------------------------------------------------------------------*-
  74            ---- END OF FILE -------------------------------------------------
  75          -*------------------------------------------------------------------*/


MODULE INFORMATION:   STATIC OVERLAYABLE
   CODE SIZE        =     91    ----
   CONSTANT SIZE    =   ----    ----
   XDATA SIZE       =   ----    ----
   PDATA SIZE       =   ----    ----
   DATA SIZE        =      3    ----
   IDATA SIZE       =   ----    ----
   BIT SIZE         =      2    ----
END OF MODULE INFORMATION.


C51 COMPILATION COMPLETE.  0 WARNING(S),  0 ERROR(S)
