C51 COMPILER V9.54   RECEIVER                                                              04/22/2016 14:54:25 PAGE 1   


C51 COMPILER V9.54, COMPILATION OF MODULE RECEIVER
OBJECT MODULE PLACED IN .\Objects\Receiver.obj
COMPILER INVOKED BY: D:\Program Files (x86)\Keil_v5\C51\BIN\C51.EXE Receiver.c ROM(COMPACT) OPTIMIZE(8,SPEED) BROWSE DEB
                    -UG OBJECTEXTEND PRINT(.\Listings\Receiver.lst) TABS(3) OBJECT(.\Objects\Receiver.obj)

line level    source

   1          /*------------------------------------------------------------------*-
   2             A.C (v1.00)
   3            ------------------------------------------------------------------
   4             Simple switch interface code, with software debounce.
   5          
   6             COPYRIGHT
   7             ---------
   8             This code is copyright (c) 2001 by Richard Zhang.
   9          -*------------------------------------------------------------------*/
  10          
  11          #include "Main.h"
  12          #include "Port.h"
  13          
  14          #include "Receiver.h"
  15          #include "Speech.h"
  16          
  17          // ------ Public variable definitions ------------------------------
  18          
  19          // ------ Public variable declarations -----------------------------
  20          extern bit XB_open_flag;
  21          
  22          // ------ Private variables ----------------------------------------
  23          tByte RXD_power_EN_time;
  24          
  25          // ------ Private constants ----------------------------------------
  26          /*------------------------------------------------------------------*-
  27            Receiver_init()
  28            Reset RXD power after 10s.
  29          -*------------------------------------------------------------------*/
  30          void Receiver_init(void)
  31             {
  32   1         RXD_power_EN_time = 0;
  33   1         RXD_power_EN = 1;
  34   1         RXD = 0;
  35   1         }
  36          
  37          /*------------------------------------------------------------------*-
  38            RXD_power_reset()
  39            Reset RXD power after 10s.
  40          -*------------------------------------------------------------------*/
  41          void RXD_power_reset(void)
  42             {
  43   1         if(RXD_power_EN == 0)
  44   1            {
  45   2            RXD_power_EN_time += 1;
  46   2            if(RXD_power_EN_time > 9)
  47   2               {
  48   3               RXD_power_off();
  49   3               
  50   3               if(XB_open_flag)
  51   3                  XB_open_flag = 0;
  52   3               }
  53   2            }  
  54   1         }
C51 COMPILER V9.54   RECEIVER                                                              04/22/2016 14:54:25 PAGE 2   

  55          
  56          /*------------------------------------------------------------------*-
  57            RXD_power_on()
  58            Reset RXD power after 10s.
  59          -*------------------------------------------------------------------*/
  60          void RXD_power_on(void)
  61             {
  62   1         RXD_power_EN_time = 0;
  63   1         RXD_power_EN = 0;
  64   1         RXD = 1;
  65   1         }
  66          
  67          /*------------------------------------------------------------------*-
  68            RXD_power_off()
  69            Reset RXD power after 10s.
  70          -*------------------------------------------------------------------*/
  71          void RXD_power_off(void)
  72             {
  73   1         RXD_power_EN_time = 0;
  74   1         RXD_power_EN = 1;
  75   1         RXD = 0;
  76   1         }
  77          
  78          /*------------------------------------------------------------------*-
  79            ---- END OF FILE -------------------------------------------------
  80          -*------------------------------------------------------------------*/


MODULE INFORMATION:   STATIC OVERLAYABLE
   CODE SIZE        =     45    ----
   CONSTANT SIZE    =   ----    ----
   XDATA SIZE       =   ----    ----
   PDATA SIZE       =   ----    ----
   DATA SIZE        =      1    ----
   IDATA SIZE       =   ----    ----
   BIT SIZE         =   ----    ----
END OF MODULE INFORMATION.


C51 COMPILATION COMPLETE.  0 WARNING(S),  0 ERROR(S)
