C51 COMPILER V9.54   TEMPLATE                                                              07/28/2015 10:58:25 PAGE 1   


C51 COMPILER V9.54, COMPILATION OF MODULE TEMPLATE
OBJECT MODULE PLACED IN .\Objects\Template.obj
COMPILER INVOKED BY: D:\Program Files (x86)\Keil_v5\C51\BIN\C51.EXE Template.c COMPACT ROM(COMPACT) OPTIMIZE(8,SPEED) BR
                    -OWSE DEBUG OBJECTEXTEND PRINT(.\Listings\Template.lst) TABS(3) OBJECT(.\Objects\Template.obj)

line level    source

   1          /*------------------------------------------------------------------*-
   2             A.C (v1.00)
   3            ------------------------------------------------------------------
   4             Simple switch interface code, with software debounce.
   5          
   6             COPYRIGHT
   7             ---------
   8             This code is copyright (c) 2001 by Richard Zhang.
   9          -*------------------------------------------------------------------*/
  10          
  11          #include "Main.h"
  12          #include "Port.h"
  13          
  14          #include "Template.h"
  15          
  16          // ------ Public variable definitions ------------------------------
  17          bit Sw_pressed_G = 0; // The current switch status
  18          
  19          // ------ Public variable declarations -----------------------------
  20          
  21          // ------ Private variables ----------------------------------------
  22          static bit LED_state_G;
  23          
  24          // ------ Private constants ----------------------------------------
  25          // SW_THRES must be > 1 for correct debounce behaviour
  26          #define SW_THRES (3)
  27          
  28          /*------------------------------------------------------------------*-
  29            SWITCH_Init()
  30            Initialisation function for the switch library.
  31          -*------------------------------------------------------------------*/
  32          void SWITCH_Init(void)
  33             {
  34   1         Sw_pin = 1; // Use this pin for input
  35   1         }
  36          
  37          
  38          /*------------------------------------------------------------------*-
  39            ---- END OF FILE -------------------------------------------------
  40          -*------------------------------------------------------------------*/


MODULE INFORMATION:   STATIC OVERLAYABLE
   CODE SIZE        =      3    ----
   CONSTANT SIZE    =   ----    ----
   XDATA SIZE       =   ----    ----
   PDATA SIZE       =   ----    ----
   DATA SIZE        =   ----    ----
   IDATA SIZE       =   ----    ----
   BIT SIZE         =      2    ----
END OF MODULE INFORMATION.


C51 COMPILATION COMPLETE.  0 WARNING(S),  0 ERROR(S)
