C51 COMPILER V9.54   XB_Z                                                                  04/01/2016 10:06:43 PAGE 1   


C51 COMPILER V9.54, COMPILATION OF MODULE XB_Z
OBJECT MODULE PLACED IN .\Objects\XB-Z.obj
COMPILER INVOKED BY: D:\Program Files (x86)\Keil_v5\C51\BIN\C51.EXE XB-Z.c ROM(COMPACT) OPTIMIZE(8,SPEED) BROWSE DEBUG O
                    -BJECTEXTEND PRINT(.\Listings\XB-Z.lst) TABS(3) OBJECT(.\Objects\XB-Z.obj)

line level    source

   1          /*------------------------------------------------------------------*-
   2             DDC-Z.c (v1.00)
   3            ------------------------------------------------------------------
   4             COPYRIGHT
   5            ---------
   6             This code is copyright (c) 2015 by Richard Zhang.
   7          -*------------------------------------------------------------------*/
   8          
   9          #include "Main.h"
  10          #include "Port.h"
  11          
  12          #include "hSch51.h"
  13          #include "Timer.h"
  14          #include "Button.h"
  15          #include "UART.h"
  16          #include "Selflearn.h"
  17          #include "Speech.h"
  18          #include "IIC.h"
  19          #include "KBI.h"
  20          #include "Alarm.h"
  21          #include "Clock.h"
  22          #include "Battery.h"
  23          
  24          /* ............................................................... */
  25          
  26          void main(void)
  27             {  
  28   1         Timer0_Init(500);
  29   1         UART_Init(9600);
  30   1         Button_Init();
  31   1         Selflearn_Init();
  32   1         Speech_Init();
  33   1         IIC_Init();
  34   1         KBI_Init();
  35   1         Alarm_Init();
  36   1         Clock_Init();
  37   1         Battery_Init();
  38   1         
  39   1         // Add Tasks   
  40   1         hSCH_Add_Task(Button_update, 1500, 200, 1);     // 100ms/ticket
  41   1         hSCH_Add_Task(Speech_update, 1600, 1000, 1);    // 0.5s/ticket
  42   1         hSCH_Add_Task(Alarm_update, 1700, 1000, 1);     // 0.5s/ticket
  43   1         hSCH_Add_Task(Clock_update, 1800, 2000, 1);     // 1s/ticket
  44   1         
  45   1         // Start the program.
  46   1         hSCH_Start();
  47   1         
  48   1         while(1)
  49   1            {
  50   2            // Excute the program.
  51   2            hSCH_Dispatch_Tasks();
  52   2            }
  53   1         }
  54          /*------------------------------------------------------------------*-
C51 COMPILER V9.54   XB_Z                                                                  04/01/2016 10:06:43 PAGE 2   

  55            ---- END OF FILE ---------------------------------------------------
  56          -*------------------------------------------------------------------*/


MODULE INFORMATION:   STATIC OVERLAYABLE
   CODE SIZE        =    114    ----
   CONSTANT SIZE    =   ----    ----
   XDATA SIZE       =   ----    ----
   PDATA SIZE       =   ----    ----
   DATA SIZE        =   ----    ----
   IDATA SIZE       =   ----    ----
   BIT SIZE         =   ----    ----
END OF MODULE INFORMATION.


C51 COMPILATION COMPLETE.  0 WARNING(S),  0 ERROR(S)
